1596108143052	mozrunner::runner	INFO	Running command: "C:\\Program Files\\Mozilla Firefox\\firefox.exe" "-marionette" "-foreground" "-no-remote" "-profile" "C:\\Users\\Shashank\\AppData\\Local\\Temp\\rust_mozprofileS7SNzX"
JavaScript error: resource://gre/modules/XULStore.jsm, line 66: Error: Can't find profile directory.
1596108147171	Marionette	INFO	Listening on port 51785
1596108147276	Marionette	WARN	TLS certificate errors will be ignored for this session
1596108147428	Marionette	INFO	Stopped listening on port 51785
JavaScript error: resource://activity-stream/lib/ActivityStreamPrefs.jsm, line 27: NS_ERROR_ILLEGAL_VALUE: Component returned failure code: 0x80070057 (NS_ERROR_ILLEGAL_VALUE) [nsIPrefBranch.removeObserver]
JavaScript error: resource://services-settings/RemoteSettingsClient.jsm, line 115: Error: Unknown callback
JavaScript error: resource://gre/modules/Sqlite.jsm, line 921: Error: Connection is not open.

###!!! [Child][RunMessage] Error: Channel closing: too late to send/recv, messages will be lost


###!!! [Child][MessageChannel::SendAndWait] Error: Channel error: cannot send/recv

1596108164860	mozrunner::runner	INFO	Running command: "C:\\Program Files\\Mozilla Firefox\\firefox.exe" "-marionette" "-foreground" "-no-remote" "-profile" "C:\\Users\\Shashank\\AppData\\Local\\Temp\\rust_mozprofile3khE6b"
JavaScript error: resource://gre/modules/XULStore.jsm, line 66: Error: Can't find profile directory.
1596108169417	Marionette	INFO	Listening on port 51821
1596108169641	Marionette	WARN	TLS certificate errors will be ignored for this session
1596108169726	Marionette	INFO	Stopped listening on port 51821
JavaScript error: resource://activity-stream/lib/ActivityStreamPrefs.jsm, line 27: NS_ERROR_ILLEGAL_VALUE: Component returned failure code: 0x80070057 (NS_ERROR_ILLEGAL_VALUE) [nsIPrefBranch.removeObserver]
JavaScript error: resource://services-settings/RemoteSettingsClient.jsm, line 115: Error: Unknown callback
JavaScript error: resource://gre/modules/Sqlite.jsm, line 921: Error: Connection is not open.

###!!! [Child][RunMessage] Error: Channel closing: too late to send/recv, messages will be lost


###!!! [Child][MessageChannel::SendAndWait] Error: Channel error: cannot send/recv

1596113558803	mozrunner::runner	INFO	Running command: "C:\\Program Files\\Mozilla Firefox\\firefox.exe" "-marionette" "-foreground" "-no-remote" "-profile" "C:\\Users\\Shashank\\AppData\\Local\\Temp\\rust_mozprofileK2Wewd"
JavaScript error: resource://gre/modules/XULStore.jsm, line 66: Error: Can't find profile directory.
1596113563583	Marionette	INFO	Listening on port 54043
1596113563610	Marionette	WARN	TLS certificate errors will be ignored for this session
1596113569446	Marionette	INFO	Stopped listening on port 54043
JavaScript error: resource://gre/modules/UrlClassifierListManager.jsm, line 691: TypeError: this.tablesData[table] is undefined

###!!! [Child][RunMessage] Error: Channel closing: too late to send/recv, messages will be lost


###!!! [Child][MessageChannel::SendAndWait] Error: Channel error: cannot send/recv

1596113577605	mozrunner::runner	INFO	Running command: "C:\\Program Files\\Mozilla Firefox\\firefox.exe" "-marionette" "-foreground" "-no-remote" "-profile" "C:\\Users\\Shashank\\AppData\\Local\\Temp\\rust_mozprofilewv0Wpf"
JavaScript error: resource://gre/modules/XULStore.jsm, line 66: Error: Can't find profile directory.
1596113581947	Marionette	INFO	Listening on port 54093
1596113582406	Marionette	WARN	TLS certificate errors will be ignored for this session
1596113585390	Marionette	INFO	Stopped listening on port 54093
JavaScript error: resource://gre/modules/UrlClassifierListManager.jsm, line 691: TypeError: this.tablesData[table] is undefined

###!!! [Child][RunMessage] Error: Channel closing: too late to send/recv, messages will be lost


###!!! [Child][MessageChannel::SendAndWait] Error: Channel error: cannot send/recv

1596113862428	mozrunner::runner	INFO	Running command: "C:\\Program Files\\Mozilla Firefox\\firefox.exe" "-marionette" "-foreground" "-no-remote" "-profile" "C:\\Users\\Shashank\\AppData\\Local\\Temp\\rust_mozprofilem9PbZ2"
JavaScript error: resource://gre/modules/XULStore.jsm, line 66: Error: Can't find profile directory.
1596113865712	Marionette	INFO	Listening on port 54266
1596113866115	Marionette	WARN	TLS certificate errors will be ignored for this session
1596113869396	Marionette	INFO	Stopped listening on port 54266
console.warn: services.settings: main/whats-new-panel sync interrupted by shutdown
JavaScript error: resource://gre/modules/UrlClassifierListManager.jsm, line 691: TypeError: this.tablesData[table] is undefined

###!!! [Child][RunMessage] Error: Channel closing: too late to send/recv, messages will be lost


###!!! [Child][MessageChannel::SendAndWait] Error: Channel error: cannot send/recv

1596113878190	mozrunner::runner	INFO	Running command: "C:\\Program Files\\Mozilla Firefox\\firefox.exe" "-marionette" "-foreground" "-no-remote" "-profile" "C:\\Users\\Shashank\\AppData\\Local\\Temp\\rust_mozprofileWyaF3p"
JavaScript error: resource://gre/modules/XULStore.jsm, line 66: Error: Can't find profile directory.
1596113882097	Marionette	INFO	Listening on port 54314
1596113882373	Marionette	WARN	TLS certificate errors will be ignored for this session
1596113885652	Marionette	INFO	Stopped listening on port 54314
JavaScript error: resource://gre/modules/UrlClassifierListManager.jsm, line 691: TypeError: this.tablesData[table] is undefined

###!!! [Child][RunMessage] Error: Channel closing: too late to send/recv, messages will be lost


###!!! [Child][MessageChannel::SendAndWait] Error: Channel error: cannot send/recv

1596114022906	mozrunner::runner	INFO	Running command: "C:\\Program Files\\Mozilla Firefox\\firefox.exe" "-marionette" "-foreground" "-no-remote" "-profile" "C:\\Users\\Shashank\\AppData\\Local\\Temp\\rust_mozprofilecTFaZn"
JavaScript error: resource://gre/modules/XULStore.jsm, line 66: Error: Can't find profile directory.
1596114026121	Marionette	INFO	Listening on port 54441
1596114027685	Marionette	WARN	TLS certificate errors will be ignored for this session
1596114029178	Marionette	INFO	Stopped listening on port 54441
JavaScript error: resource://gre/modules/UrlClassifierListManager.jsm, line 691: TypeError: this.tablesData[table] is undefined

###!!! [Child][RunMessage] Error: Channel closing: too late to send/recv, messages will be lost


###!!! [Child][MessageChannel::SendAndWait] Error: Channel error: cannot send/recv

1596114038547	mozrunner::runner	INFO	Running command: "C:\\Program Files\\Mozilla Firefox\\firefox.exe" "-marionette" "-foreground" "-no-remote" "-profile" "C:\\Users\\Shashank\\AppData\\Local\\Temp\\rust_mozprofilemVEMq6"
JavaScript error: resource://gre/modules/XULStore.jsm, line 66: Error: Can't find profile directory.
1596114042418	Marionette	INFO	Listening on port 54495
1596114042721	Marionette	WARN	TLS certificate errors will be ignored for this session
1596114045424	Marionette	INFO	Stopped listening on port 54495
JavaScript error: resource://gre/modules/UrlClassifierListManager.jsm, line 691: TypeError: this.tablesData[table] is undefined
console.error: services.settings: 
  main/messaging-experiments Signature failed  TypeError: NetworkError when attempting to fetch resource.

###!!! [Child][RunMessage] Error: Channel closing: too late to send/recv, messages will be lost


###!!! [Child][MessageChannel::SendAndWait] Error: Channel error: cannot send/recv

1596140618204	mozrunner::runner	INFO	Running command: "C:\\Program Files\\Mozilla Firefox\\firefox.exe" "-marionette" "-foreground" "-no-remote" "-profile" "C:\\Users\\Shashank\\AppData\\Local\\Temp\\rust_mozprofilee6Bqfd"
JavaScript error: resource://gre/modules/XULStore.jsm, line 66: Error: Can't find profile directory.
1596140624859	Marionette	INFO	Listening on port 50362
1596140625221	Marionette	WARN	TLS certificate errors will be ignored for this session
1596140626905	Marionette	INFO	Stopped listening on port 50362
console.error: services.settings: 
  main/cfr-fxa Signature failed  TypeError: NetworkError when attempting to fetch resource.
[Parent 5424, Gecko_IOThread] WARNING: file /builds/worker/checkouts/gecko/ipc/chromium/src/base/process_util_win.cc, line 166
JavaScript error: resource://gre/modules/UrlClassifierListManager.jsm, line 691: TypeError: this.tablesData[table] is undefined

###!!! [Child][RunMessage] Error: Channel closing: too late to send/recv, messages will be lost


###!!! [Child][MessageChannel::SendAndWait] Error: Channel error: cannot send/recv

1596140634494	mozrunner::runner	INFO	Running command: "C:\\Program Files\\Mozilla Firefox\\firefox.exe" "-marionette" "-foreground" "-no-remote" "-profile" "C:\\Users\\Shashank\\AppData\\Local\\Temp\\rust_mozprofilelm4qqH"
JavaScript error: resource://gre/modules/XULStore.jsm, line 66: Error: Can't find profile directory.
1596140638305	Marionette	INFO	Listening on port 50407
1596140638693	Marionette	WARN	TLS certificate errors will be ignored for this session
1596140640291	Marionette	INFO	Stopped listening on port 50407
JavaScript error: resource://activity-stream/lib/ActivityStreamPrefs.jsm, line 27: NS_ERROR_ILLEGAL_VALUE: Component returned failure code: 0x80070057 (NS_ERROR_ILLEGAL_VALUE) [nsIPrefBranch.removeObserver]

###!!! [Child][RunMessage] Error: Channel closing: too late to send/recv, messages will be lost


###!!! [Child][MessageChannel::SendAndWait] Error: Channel error: cannot send/recv

1596141182244	mozrunner::runner	INFO	Running command: "C:\\Program Files\\Mozilla Firefox\\firefox.exe" "-marionette" "-foreground" "-no-remote" "-profile" "C:\\Users\\Shashank\\AppData\\Local\\Temp\\rust_mozprofilew7ZrJ1"
JavaScript error: resource://gre/modules/XULStore.jsm, line 66: Error: Can't find profile directory.
1596141186397	Marionette	INFO	Listening on port 50704
1596141186462	Marionette	WARN	TLS certificate errors will be ignored for this session
1596141190996	Marionette	INFO	Stopped listening on port 50704
JavaScript error: resource://gre/modules/UrlClassifierListManager.jsm, line 691: TypeError: this.tablesData[table] is undefined

###!!! [Child][RunMessage] Error: Channel closing: too late to send/recv, messages will be lost


###!!! [Child][MessageChannel::SendAndWait] Error: Channel error: cannot send/recv

1596141199897	mozrunner::runner	INFO	Running command: "C:\\Program Files\\Mozilla Firefox\\firefox.exe" "-marionette" "-foreground" "-no-remote" "-profile" "C:\\Users\\Shashank\\AppData\\Local\\Temp\\rust_mozprofileodyn4Z"
JavaScript error: resource://gre/modules/XULStore.jsm, line 66: Error: Can't find profile directory.
1596141203456	Marionette	INFO	Listening on port 50754
1596141203570	Marionette	WARN	TLS certificate errors will be ignored for this session
1596141218221	Marionette	INFO	Stopped listening on port 50754

###!!! [Child][RunMessage] Error: Channel closing: too late to send/recv, messages will be lost


###!!! [Child][MessageChannel::SendAndWait] Error: Channel error: cannot send/recv

1596141242167	mozrunner::runner	INFO	Running command: "C:\\Program Files\\Mozilla Firefox\\firefox.exe" "-marionette" "-foreground" "-no-remote" "-profile" "C:\\Users\\Shashank\\AppData\\Local\\Temp\\rust_mozprofilea9eEL4"
JavaScript error: resource://gre/modules/XULStore.jsm, line 66: Error: Can't find profile directory.
1596141246004	Marionette	INFO	Listening on port 50827
1596141246344	Marionette	WARN	TLS certificate errors will be ignored for this session
1596141249558	Marionette	INFO	Stopped listening on port 50827
JavaScript error: resource://gre/modules/UrlClassifierListManager.jsm, line 691: TypeError: this.tablesData[table] is undefined

###!!! [Child][RunMessage] Error: Channel closing: too late to send/recv, messages will be lost


###!!! [Child][MessageChannel::SendAndWait] Error: Channel error: cannot send/recv

1596141258015	mozrunner::runner	INFO	Running command: "C:\\Program Files\\Mozilla Firefox\\firefox.exe" "-marionette" "-foreground" "-no-remote" "-profile" "C:\\Users\\Shashank\\AppData\\Local\\Temp\\rust_mozprofileoanwQU"
JavaScript error: resource://gre/modules/XULStore.jsm, line 66: Error: Can't find profile directory.
1596141261637	Marionette	INFO	Listening on port 50933
1596141261682	Marionette	WARN	TLS certificate errors will be ignored for this session
1596141270046	Marionette	INFO	Stopped listening on port 50933

###!!! [Child][RunMessage] Error: Channel closing: too late to send/recv, messages will be lost


###!!! [Child][MessageChannel::SendAndWait] Error: Channel error: cannot send/recv

1596141310325	mozrunner::runner	INFO	Running command: "C:\\Program Files\\Mozilla Firefox\\firefox.exe" "-marionette" "-foreground" "-no-remote" "-profile" "C:\\Users\\Shashank\\AppData\\Local\\Temp\\rust_mozprofile5JpsNZ"
JavaScript error: resource://gre/modules/XULStore.jsm, line 66: Error: Can't find profile directory.
1596141313672	Marionette	INFO	Listening on port 51009
1596141313992	Marionette	WARN	TLS certificate errors will be ignored for this session
1596141316872	Marionette	INFO	Stopped listening on port 51009
JavaScript error: resource://gre/modules/UrlClassifierListManager.jsm, line 691: TypeError: this.tablesData[table] is undefined

###!!! [Child][RunMessage] Error: Channel closing: too late to send/recv, messages will be lost


###!!! [Child][MessageChannel::SendAndWait] Error: Channel error: cannot send/recv

1596141325920	mozrunner::runner	INFO	Running command: "C:\\Program Files\\Mozilla Firefox\\firefox.exe" "-marionette" "-foreground" "-no-remote" "-profile" "C:\\Users\\Shashank\\AppData\\Local\\Temp\\rust_mozprofiled0Ucuu"
JavaScript error: resource://gre/modules/XULStore.jsm, line 66: Error: Can't find profile directory.
1596141329545	Marionette	INFO	Listening on port 51058
1596141329581	Marionette	WARN	TLS certificate errors will be ignored for this session
1596141337678	Marionette	INFO	Stopped listening on port 51058

###!!! [Child][RunMessage] Error: Channel closing: too late to send/recv, messages will be lost


###!!! [Child][MessageChannel::SendAndWait] Error: Channel error: cannot send/recv

1596141374949	mozrunner::runner	INFO	Running command: "C:\\Program Files\\Mozilla Firefox\\firefox.exe" "-marionette" "-foreground" "-no-remote" "-profile" "C:\\Users\\Shashank\\AppData\\Local\\Temp\\rust_mozprofilejO3viT"
JavaScript error: resource://gre/modules/XULStore.jsm, line 66: Error: Can't find profile directory.
1596141378904	Marionette	INFO	Listening on port 51129
1596141379104	Marionette	WARN	TLS certificate errors will be ignored for this session
1596141382115	Marionette	INFO	Stopped listening on port 51129
JavaScript error: resource://gre/modules/UrlClassifierListManager.jsm, line 691: TypeError: this.tablesData[table] is undefined

###!!! [Child][RunMessage] Error: Channel closing: too late to send/recv, messages will be lost


###!!! [Child][MessageChannel::SendAndWait] Error: Channel error: cannot send/recv

1596141390956	mozrunner::runner	INFO	Running command: "C:\\Program Files\\Mozilla Firefox\\firefox.exe" "-marionette" "-foreground" "-no-remote" "-profile" "C:\\Users\\Shashank\\AppData\\Local\\Temp\\rust_mozprofileP1DVtu"
JavaScript error: resource://gre/modules/XULStore.jsm, line 66: Error: Can't find profile directory.
1596141395122	Marionette	INFO	Listening on port 51185
1596141395148	Marionette	WARN	TLS certificate errors will be ignored for this session
1596141403025	Marionette	INFO	Stopped listening on port 51185

###!!! [Child][RunMessage] Error: Channel closing: too late to send/recv, messages will be lost


###!!! [Child][MessageChannel::SendAndWait] Error: Channel error: cannot send/recv

1596141683127	mozrunner::runner	INFO	Running command: "C:\\Program Files\\Mozilla Firefox\\firefox.exe" "-marionette" "-foreground" "-no-remote" "-profile" "C:\\Users\\Shashank\\AppData\\Local\\Temp\\rust_mozprofilebcY9jB"
JavaScript error: resource://gre/modules/XULStore.jsm, line 66: Error: Can't find profile directory.
1596141686842	Marionette	INFO	Listening on port 51366
1596141687287	Marionette	WARN	TLS certificate errors will be ignored for this session
1596141690108	Marionette	INFO	Stopped listening on port 51366
JavaScript error: resource://gre/modules/UrlClassifierListManager.jsm, line 691: TypeError: this.tablesData[table] is undefined

###!!! [Child][RunMessage] Error: Channel closing: too late to send/recv, messages will be lost


###!!! [Child][MessageChannel::SendAndWait] Error: Channel error: cannot send/recv

1596141698132	mozrunner::runner	INFO	Running command: "C:\\Program Files\\Mozilla Firefox\\firefox.exe" "-marionette" "-foreground" "-no-remote" "-profile" "C:\\Users\\Shashank\\AppData\\Local\\Temp\\rust_mozprofileycTkPy"
JavaScript error: resource://gre/modules/XULStore.jsm, line 66: Error: Can't find profile directory.
1596141701784	Marionette	INFO	Listening on port 51416
1596141701814	Marionette	WARN	TLS certificate errors will be ignored for this session
1596141709957	Marionette	INFO	Stopped listening on port 51416

###!!! [Child][RunMessage] Error: Channel closing: too late to send/recv, messages will be lost


###!!! [Child][MessageChannel::SendAndWait] Error: Channel error: cannot send/recv

1596141735883	mozrunner::runner	INFO	Running command: "C:\\Program Files\\Mozilla Firefox\\firefox.exe" "-marionette" "-foreground" "-no-remote" "-profile" "C:\\Users\\Shashank\\AppData\\Local\\Temp\\rust_mozprofilePV03Xp"
JavaScript error: resource://gre/modules/XULStore.jsm, line 66: Error: Can't find profile directory.
1596141739364	Marionette	INFO	Listening on port 51483
1596141739528	Marionette	WARN	TLS certificate errors will be ignored for this session
1596141742587	Marionette	INFO	Stopped listening on port 51483
JavaScript error: resource://gre/modules/UrlClassifierListManager.jsm, line 691: TypeError: this.tablesData[table] is undefined
console.error: services.settings: 
  main/cfr Signature failed  TypeError: NetworkError when attempting to fetch resource.

###!!! [Child][RunMessage] Error: Channel closing: too late to send/recv, messages will be lost


###!!! [Child][MessageChannel::SendAndWait] Error: Channel error: cannot send/recv

1596141750947	mozrunner::runner	INFO	Running command: "C:\\Program Files\\Mozilla Firefox\\firefox.exe" "-marionette" "-foreground" "-no-remote" "-profile" "C:\\Users\\Shashank\\AppData\\Local\\Temp\\rust_mozprofileXilnpt"
JavaScript error: resource://gre/modules/XULStore.jsm, line 66: Error: Can't find profile directory.
1596141754585	Marionette	INFO	Listening on port 51532
1596141754658	Marionette	WARN	TLS certificate errors will be ignored for this session
1596141768082	Marionette	INFO	Stopped listening on port 51532

###!!! [Child][RunMessage] Error: Channel closing: too late to send/recv, messages will be lost


###!!! [Child][MessageChannel::SendAndWait] Error: Channel error: cannot send/recv

1596141850468	mozrunner::runner	INFO	Running command: "C:\\Program Files\\Mozilla Firefox\\firefox.exe" "-marionette" "-foreground" "-no-remote" "-profile" "C:\\Users\\Shashank\\AppData\\Local\\Temp\\rust_mozprofilemZ2ncp"
JavaScript error: resource://gre/modules/XULStore.jsm, line 66: Error: Can't find profile directory.
1596141853944	Marionette	INFO	Listening on port 51613
1596141854187	Marionette	WARN	TLS certificate errors will be ignored for this session
1596141857183	Marionette	INFO	Stopped listening on port 51613
JavaScript error: resource://gre/modules/UrlClassifierListManager.jsm, line 691: TypeError: this.tablesData[table] is undefined

###!!! [Child][RunMessage] Error: Channel closing: too late to send/recv, messages will be lost


###!!! [Child][MessageChannel::SendAndWait] Error: Channel error: cannot send/recv

1596141865341	mozrunner::runner	INFO	Running command: "C:\\Program Files\\Mozilla Firefox\\firefox.exe" "-marionette" "-foreground" "-no-remote" "-profile" "C:\\Users\\Shashank\\AppData\\Local\\Temp\\rust_mozprofileMAWX4r"
JavaScript error: resource://gre/modules/XULStore.jsm, line 66: Error: Can't find profile directory.
1596141869357	Marionette	INFO	Listening on port 51652
1596141869499	Marionette	WARN	TLS certificate errors will be ignored for this session
1596141883250	Marionette	INFO	Stopped listening on port 51652

###!!! [Child][RunMessage] Error: Channel closing: too late to send/recv, messages will be lost


###!!! [Child][MessageChannel::SendAndWait] Error: Channel error: cannot send/recv

1596141918867	mozrunner::runner	INFO	Running command: "C:\\Program Files\\Mozilla Firefox\\firefox.exe" "-marionette" "-foreground" "-no-remote" "-profile" "C:\\Users\\Shashank\\AppData\\Local\\Temp\\rust_mozprofiledHvk11"
JavaScript error: resource://gre/modules/XULStore.jsm, line 66: Error: Can't find profile directory.
1596141922654	Marionette	INFO	Listening on port 51707
1596141923057	Marionette	WARN	TLS certificate errors will be ignored for this session
1596141925815	Marionette	INFO	Stopped listening on port 51707
console.error: services.settings: 
  main/messaging-experiments Signature failed  TypeError: NetworkError when attempting to fetch resource.
JavaScript error: resource://gre/modules/UrlClassifierListManager.jsm, line 691: TypeError: this.tablesData[table] is undefined

###!!! [Child][RunMessage] Error: Channel closing: too late to send/recv, messages will be lost


###!!! [Child][MessageChannel::SendAndWait] Error: Channel error: cannot send/recv

1596141933712	mozrunner::runner	INFO	Running command: "C:\\Program Files\\Mozilla Firefox\\firefox.exe" "-marionette" "-foreground" "-no-remote" "-profile" "C:\\Users\\Shashank\\AppData\\Local\\Temp\\rust_mozprofile5M18ib"
JavaScript error: resource://gre/modules/XULStore.jsm, line 66: Error: Can't find profile directory.
1596141937336	Marionette	INFO	Listening on port 51744
1596141937392	Marionette	WARN	TLS certificate errors will be ignored for this session
1596141955671	Marionette	INFO	Stopped listening on port 51744

###!!! [Child][RunMessage] Error: Channel closing: too late to send/recv, messages will be lost


###!!! [Child][MessageChannel::SendAndWait] Error: Channel error: cannot send/recv

1596142127609	mozrunner::runner	INFO	Running command: "C:\\Program Files\\Mozilla Firefox\\firefox.exe" "-marionette" "-foreground" "-no-remote" "-profile" "C:\\Users\\Shashank\\AppData\\Local\\Temp\\rust_mozprofilehVfrF8"
JavaScript error: resource://gre/modules/XULStore.jsm, line 66: Error: Can't find profile directory.
1596142130835	Marionette	INFO	Listening on port 51798
1596142132636	Marionette	WARN	TLS certificate errors will be ignored for this session
1596142134462	Marionette	INFO	Stopped listening on port 51798
JavaScript error: resource://gre/modules/UrlClassifierListManager.jsm, line 691: TypeError: this.tablesData[table] is undefined

###!!! [Child][RunMessage] Error: Channel closing: too late to send/recv, messages will be lost


###!!! [Child][MessageChannel::SendAndWait] Error: Channel error: cannot send/recv

1596142143650	mozrunner::runner	INFO	Running command: "C:\\Program Files\\Mozilla Firefox\\firefox.exe" "-marionette" "-foreground" "-no-remote" "-profile" "C:\\Users\\Shashank\\AppData\\Local\\Temp\\rust_mozprofileDwZJJK"
JavaScript error: resource://gre/modules/XULStore.jsm, line 66: Error: Can't find profile directory.
1596142147363	Marionette	INFO	Listening on port 51842
1596142147818	Marionette	WARN	TLS certificate errors will be ignored for this session
1596142160552	Marionette	INFO	Stopped listening on port 51842

###!!! [Child][RunMessage] Error: Channel closing: too late to send/recv, messages will be lost


###!!! [Child][MessageChannel::SendAndWait] Error: Channel error: cannot send/recv

1596537197481	mozrunner::runner	INFO	Running command: "C:\\Program Files\\Mozilla Firefox\\firefox.exe" "-marionette" "-foreground" "-no-remote" "-profile" "C:\\Users\\Shashank\\AppData\\Local\\Temp\\rust_mozprofileHgvV0Q"
JavaScript error: resource://gre/modules/XULStore.jsm, line 66: Error: Can't find profile directory.
1596537202919	Marionette	INFO	Listening on port 50949
1596537204973	Marionette	WARN	TLS certificate errors will be ignored for this session
1596537206563	Marionette	INFO	Stopped listening on port 50949
JavaScript error: resource://gre/modules/UrlClassifierListManager.jsm, line 691: TypeError: this.tablesData[table] is undefined

###!!! [Child][RunMessage] Error: Channel closing: too late to send/recv, messages will be lost


###!!! [Child][MessageChannel::SendAndWait] Error: Channel error: cannot send/recv

1596537214105	mozrunner::runner	INFO	Running command: "C:\\Program Files\\Mozilla Firefox\\firefox.exe" "-marionette" "-foreground" "-no-remote" "-profile" "C:\\Users\\Shashank\\AppData\\Local\\Temp\\rust_mozprofileMBUOcO"
JavaScript error: resource://gre/modules/XULStore.jsm, line 66: Error: Can't find profile directory.
1596537218592	Marionette	INFO	Listening on port 51002
1596537218923	Marionette	WARN	TLS certificate errors will be ignored for this session
1596537232165	Marionette	INFO	Stopped listening on port 51002

###!!! [Child][RunMessage] Error: Channel closing: too late to send/recv, messages will be lost


###!!! [Child][MessageChannel::SendAndWait] Error: Channel error: cannot send/recv

1596537904581	mozrunner::runner	INFO	Running command: "C:\\Program Files\\Mozilla Firefox\\firefox.exe" "-marionette" "-foreground" "-no-remote" "-profile" "C:\\Users\\Shashank\\AppData\\Local\\Temp\\rust_mozprofileyIMAuS"
JavaScript error: resource://gre/modules/XULStore.jsm, line 66: Error: Can't find profile directory.
1596537910105	Marionette	INFO	Listening on port 51365
1596537910393	Marionette	WARN	TLS certificate errors will be ignored for this session
1596537913199	Marionette	INFO	Stopped listening on port 51365
JavaScript error: resource://gre/modules/UrlClassifierListManager.jsm, line 691: TypeError: this.tablesData[table] is undefined
console.error: services.settings: 
  main/messaging-experiments Signature failed  TypeError: NetworkError when attempting to fetch resource.

###!!! [Child][RunMessage] Error: Channel closing: too late to send/recv, messages will be lost


###!!! [Child][MessageChannel::SendAndWait] Error: Channel error: cannot send/recv

1596537921441	mozrunner::runner	INFO	Running command: "C:\\Program Files\\Mozilla Firefox\\firefox.exe" "-marionette" "-foreground" "-no-remote" "-profile" "C:\\Users\\Shashank\\AppData\\Local\\Temp\\rust_mozprofileXHtHC8"
JavaScript error: resource://gre/modules/XULStore.jsm, line 66: Error: Can't find profile directory.
1596537924795	Marionette	INFO	Listening on port 51415
1596537925085	Marionette	WARN	TLS certificate errors will be ignored for this session
1596537937847	Marionette	INFO	Stopped listening on port 51415

###!!! [Child][RunMessage] Error: Channel closing: too late to send/recv, messages will be lost


###!!! [Child][MessageChannel::SendAndWait] Error: Channel error: cannot send/recv

1596542259541	mozrunner::runner	INFO	Running command: "C:\\Program Files\\Mozilla Firefox\\firefox.exe" "-marionette" "-foreground" "-no-remote" "-profile" "C:\\Users\\Shashank\\AppData\\Local\\Temp\\rust_mozprofile2KeR2y"
JavaScript error: resource://gre/modules/XULStore.jsm, line 66: Error: Can't find profile directory.
1596542263745	Marionette	INFO	Listening on port 53512
1596542263832	Marionette	WARN	TLS certificate errors will be ignored for this session
1596542267600	Marionette	INFO	Stopped listening on port 53512
JavaScript error: resource://activity-stream/lib/ActivityStreamPrefs.jsm, line 27: NS_ERROR_ILLEGAL_VALUE: Component returned failure code: 0x80070057 (NS_ERROR_ILLEGAL_VALUE) [nsIPrefBranch.removeObserver]
JavaScript error: resource://services-settings/RemoteSettingsClient.jsm, line 115: Error: Unknown callback
JavaScript error: resource://gre/modules/UrlClassifierListManager.jsm, line 691: TypeError: this.tablesData[table] is undefined

###!!! [Child][RunMessage] Error: Channel closing: too late to send/recv, messages will be lost


###!!! [Child][MessageChannel::SendAndWait] Error: Channel error: cannot send/recv

1596542276998	mozrunner::runner	INFO	Running command: "C:\\Program Files\\Mozilla Firefox\\firefox.exe" "-marionette" "-foreground" "-no-remote" "-profile" "C:\\Users\\Shashank\\AppData\\Local\\Temp\\rust_mozprofileNYZuJg"
JavaScript error: resource://gre/modules/XULStore.jsm, line 66: Error: Can't find profile directory.
1596542280583	Marionette	INFO	Listening on port 53560
1596542280661	Marionette	WARN	TLS certificate errors will be ignored for this session
1596542288905	Marionette	INFO	Stopped listening on port 53560

###!!! [Child][RunMessage] Error: Channel closing: too late to send/recv, messages will be lost


###!!! [Child][MessageChannel::SendAndWait] Error: Channel error: cannot send/recv

1596542364389	mozrunner::runner	INFO	Running command: "C:\\Program Files\\Mozilla Firefox\\firefox.exe" "-marionette" "-foreground" "-no-remote" "-profile" "C:\\Users\\Shashank\\AppData\\Local\\Temp\\rust_mozprofileLlUm9x"
JavaScript error: resource://gre/modules/XULStore.jsm, line 66: Error: Can't find profile directory.
1596542368391	Marionette	INFO	Listening on port 53649
1596542368548	Marionette	WARN	TLS certificate errors will be ignored for this session
1596542372431	Marionette	INFO	Stopped listening on port 53649
JavaScript error: resource://gre/modules/UrlClassifierListManager.jsm, line 691: TypeError: this.tablesData[table] is undefined

###!!! [Child][MessageChannel::SendAndWait] Error: Channel error: cannot send/recv

1596542381282	mozrunner::runner	INFO	Running command: "C:\\Program Files\\Mozilla Firefox\\firefox.exe" "-marionette" "-foreground" "-no-remote" "-profile" "C:\\Users\\Shashank\\AppData\\Local\\Temp\\rust_mozprofileCTByav"
JavaScript error: resource://gre/modules/XULStore.jsm, line 66: Error: Can't find profile directory.
1596542385161	Marionette	INFO	Listening on port 53698
1596542385450	Marionette	WARN	TLS certificate errors will be ignored for this session
1596542392877	Marionette	INFO	Stopped listening on port 53698

###!!! [Child][RunMessage] Error: Channel closing: too late to send/recv, messages will be lost


###!!! [Child][MessageChannel::SendAndWait] Error: Channel error: cannot send/recv

1596542420236	mozrunner::runner	INFO	Running command: "C:\\Program Files\\Mozilla Firefox\\firefox.exe" "-marionette" "-foreground" "-no-remote" "-profile" "C:\\Users\\Shashank\\AppData\\Local\\Temp\\rust_mozprofiledI4d3f"
JavaScript error: resource://gre/modules/XULStore.jsm, line 66: Error: Can't find profile directory.
1596542423620	Marionette	INFO	Listening on port 53775
1596542423894	Marionette	WARN	TLS certificate errors will be ignored for this session
1596542426580	Marionette	INFO	Stopped listening on port 53775
JavaScript error: resource://gre/modules/UrlClassifierListManager.jsm, line 691: TypeError: this.tablesData[table] is undefined

###!!! [Child][RunMessage] Error: Channel closing: too late to send/recv, messages will be lost


###!!! [Child][MessageChannel::SendAndWait] Error: Channel error: cannot send/recv

1596542435952	mozrunner::runner	INFO	Running command: "C:\\Program Files\\Mozilla Firefox\\firefox.exe" "-marionette" "-foreground" "-no-remote" "-profile" "C:\\Users\\Shashank\\AppData\\Local\\Temp\\rust_mozprofileEHTvD3"
JavaScript error: resource://gre/modules/XULStore.jsm, line 66: Error: Can't find profile directory.
1596542439975	Marionette	INFO	Listening on port 53821
1596542440102	Marionette	WARN	TLS certificate errors will be ignored for this session
1596542449027	Marionette	INFO	Stopped listening on port 53821

###!!! [Child][RunMessage] Error: Channel closing: too late to send/recv, messages will be lost


###!!! [Child][MessageChannel::SendAndWait] Error: Channel error: cannot send/recv

1596542844467	mozrunner::runner	INFO	Running command: "C:\\Program Files\\Mozilla Firefox\\firefox.exe" "-marionette" "-foreground" "-no-remote" "-profile" "C:\\Users\\Shashank\\AppData\\Local\\Temp\\rust_mozprofileAcQ5Qv"
JavaScript error: resource://gre/modules/XULStore.jsm, line 66: Error: Can't find profile directory.
1596542847954	Marionette	INFO	Listening on port 54080
1596542848127	Marionette	WARN	TLS certificate errors will be ignored for this session
1596542851091	Marionette	INFO	Stopped listening on port 54080
JavaScript error: resource://gre/modules/UrlClassifierListManager.jsm, line 691: TypeError: this.tablesData[table] is undefined

###!!! [Child][RunMessage] Error: Channel closing: too late to send/recv, messages will be lost


###!!! [Child][MessageChannel::SendAndWait] Error: Channel error: cannot send/recv

1596542859175	mozrunner::runner	INFO	Running command: "C:\\Program Files\\Mozilla Firefox\\firefox.exe" "-marionette" "-foreground" "-no-remote" "-profile" "C:\\Users\\Shashank\\AppData\\Local\\Temp\\rust_mozprofileETepOG"
JavaScript error: resource://gre/modules/XULStore.jsm, line 66: Error: Can't find profile directory.
1596542862902	Marionette	INFO	Listening on port 54127
1596542863341	Marionette	WARN	TLS certificate errors will be ignored for this session
1596542870306	Marionette	INFO	Stopped listening on port 54127

###!!! [Child][RunMessage] Error: Channel closing: too late to send/recv, messages will be lost


###!!! [Child][MessageChannel::SendAndWait] Error: Channel error: cannot send/recv

1596542894053	mozrunner::runner	INFO	Running command: "C:\\Program Files\\Mozilla Firefox\\firefox.exe" "-marionette" "-foreground" "-no-remote" "-profile" "C:\\Users\\Shashank\\AppData\\Local\\Temp\\rust_mozprofilezPe2Pq"
JavaScript error: resource://gre/modules/XULStore.jsm, line 66: Error: Can't find profile directory.
1596542898195	Marionette	INFO	Listening on port 54192
1596542898254	Marionette	WARN	TLS certificate errors will be ignored for this session
1596542901096	Marionette	INFO	Stopped listening on port 54192
JavaScript error: resource://services-settings/RemoteSettingsClient.jsm, line 115: Error: Unknown callback
console.warn: services.settings: main/cfr-fxa sync interrupted by shutdown

###!!! [Child][RunMessage] Error: Channel closing: too late to send/recv, messages will be lost


###!!! [Child][MessageChannel::SendAndWait] Error: Channel error: cannot send/recv

1596542909463	mozrunner::runner	INFO	Running command: "C:\\Program Files\\Mozilla Firefox\\firefox.exe" "-marionette" "-foreground" "-no-remote" "-profile" "C:\\Users\\Shashank\\AppData\\Local\\Temp\\rust_mozprofileAszN8y"
JavaScript error: resource://gre/modules/XULStore.jsm, line 66: Error: Can't find profile directory.
1596542913424	Marionette	INFO	Listening on port 54239
1596542913649	Marionette	WARN	TLS certificate errors will be ignored for this session
1596542921394	Marionette	INFO	Stopped listening on port 54239

###!!! [Child][RunMessage] Error: Channel closing: too late to send/recv, messages will be lost


###!!! [Child][MessageChannel::SendAndWait] Error: Channel error: cannot send/recv

1596542985598	mozrunner::runner	INFO	Running command: "C:\\Program Files\\Mozilla Firefox\\firefox.exe" "-marionette" "-foreground" "-no-remote" "-profile" "C:\\Users\\Shashank\\AppData\\Local\\Temp\\rust_mozprofilemq6Gx0"
JavaScript error: resource://gre/modules/XULStore.jsm, line 66: Error: Can't find profile directory.
1596542989817	Marionette	INFO	Listening on port 54335
1596542989874	Marionette	WARN	TLS certificate errors will be ignored for this session
1596542992887	Marionette	INFO	Stopped listening on port 54335
JavaScript error: resource://services-settings/RemoteSettingsClient.jsm, line 115: Error: Unknown callback
JavaScript error: resource://gre/modules/UrlClassifierListManager.jsm, line 691: TypeError: this.tablesData[table] is undefined

###!!! [Child][RunMessage] Error: Channel closing: too late to send/recv, messages will be lost


###!!! [Child][MessageChannel::SendAndWait] Error: Channel error: cannot send/recv

1596543001237	mozrunner::runner	INFO	Running command: "C:\\Program Files\\Mozilla Firefox\\firefox.exe" "-marionette" "-foreground" "-no-remote" "-profile" "C:\\Users\\Shashank\\AppData\\Local\\Temp\\rust_mozprofile503SbY"
JavaScript error: resource://gre/modules/XULStore.jsm, line 66: Error: Can't find profile directory.
1596543004698	Marionette	INFO	Listening on port 54389
1596543004904	Marionette	WARN	TLS certificate errors will be ignored for this session
1596543011734	Marionette	INFO	Stopped listening on port 54389

###!!! [Child][RunMessage] Error: Channel closing: too late to send/recv, messages will be lost


###!!! [Child][MessageChannel::SendAndWait] Error: Channel error: cannot send/recv

1596543049621	mozrunner::runner	INFO	Running command: "C:\\Program Files\\Mozilla Firefox\\firefox.exe" "-marionette" "-foreground" "-no-remote" "-profile" "C:\\Users\\Shashank\\AppData\\Local\\Temp\\rust_mozprofilexyjNJE"
JavaScript error: resource://gre/modules/XULStore.jsm, line 66: Error: Can't find profile directory.
1596543054706	Marionette	INFO	Listening on port 54458
1596543054916	Marionette	WARN	TLS certificate errors will be ignored for this session
1596543058060	Marionette	INFO	Stopped listening on port 54458
console.error: services.settings: 
  main/cfr Signature failed  TypeError: NetworkError when attempting to fetch resource.
JavaScript error: resource://gre/modules/UrlClassifierListManager.jsm, line 691: TypeError: this.tablesData[table] is undefined

###!!! [Child][RunMessage] Error: Channel closing: too late to send/recv, messages will be lost


###!!! [Child][MessageChannel::SendAndWait] Error: Channel error: cannot send/recv

1596543067483	mozrunner::runner	INFO	Running command: "C:\\Program Files\\Mozilla Firefox\\firefox.exe" "-marionette" "-foreground" "-no-remote" "-profile" "C:\\Users\\Shashank\\AppData\\Local\\Temp\\rust_mozprofile7L84IP"
JavaScript error: resource://gre/modules/XULStore.jsm, line 66: Error: Can't find profile directory.
1596543071675	Marionette	INFO	Listening on port 54509
1596543071994	Marionette	WARN	TLS certificate errors will be ignored for this session
1596543080029	Marionette	INFO	Stopped listening on port 54509

###!!! [Child][RunMessage] Error: Channel closing: too late to send/recv, messages will be lost


###!!! [Child][MessageChannel::SendAndWait] Error: Channel error: cannot send/recv

1596543374327	mozrunner::runner	INFO	Running command: "C:\\Program Files\\Mozilla Firefox\\firefox.exe" "-marionette" "-foreground" "-no-remote" "-profile" "C:\\Users\\Shashank\\AppData\\Local\\Temp\\rust_mozprofile7539x4"
JavaScript error: resource://gre/modules/XULStore.jsm, line 66: Error: Can't find profile directory.
1596543377316	Marionette	INFO	Listening on port 54707
1596543377495	Marionette	WARN	TLS certificate errors will be ignored for this session
1596543380967	Marionette	INFO	Stopped listening on port 54707
JavaScript error: resource://gre/modules/UrlClassifierListManager.jsm, line 691: TypeError: this.tablesData[table] is undefined
console.error: services.settings: 
  main/cfr Signature failed  TypeError: NetworkError when attempting to fetch resource.

###!!! [Child][RunMessage] Error: Channel closing: too late to send/recv, messages will be lost


###!!! [Child][MessageChannel::SendAndWait] Error: Channel error: cannot send/recv

1596543389936	mozrunner::runner	INFO	Running command: "C:\\Program Files\\Mozilla Firefox\\firefox.exe" "-marionette" "-foreground" "-no-remote" "-profile" "C:\\Users\\Shashank\\AppData\\Local\\Temp\\rust_mozprofilefzBBvC"
JavaScript error: resource://gre/modules/XULStore.jsm, line 66: Error: Can't find profile directory.
1596543393314	Marionette	INFO	Listening on port 54755
1596543393605	Marionette	WARN	TLS certificate errors will be ignored for this session
1596543401908	Marionette	WARN	TimedPromise timed out after 0 ms: stacktrace:
TimedPromise/<@chrome://marionette/content/sync.js:245:13
TimedPromise@chrome://marionette/content/sync.js:230:10
Sleep@chrome://marionette/content/sync.js:283:10
dispatchPause@chrome://marionette/content/action.js:1482:10
toEvents/<@chrome://marionette/content/action.js:1156:16
action.dispatchTickActions@chrome://marionette/content/action.js:1060:35
action.dispatch/chainEvents<@chrome://marionette/content/action.js:1028:20
action.dispatch@chrome://marionette/content/action.js:1034:5
performActions@chrome://marionette/content/listener.js:853:16
dispatch/</req<@chrome://marionette/content/listener.js:527:14
dispatch/<@chrome://marionette/content/listener.js:520:15
1596543407382	Marionette	INFO	Stopped listening on port 54755

###!!! [Child][RunMessage] Error: Channel closing: too late to send/recv, messages will be lost


###!!! [Child][MessageChannel::SendAndWait] Error: Channel error: cannot send/recv

1596543620532	mozrunner::runner	INFO	Running command: "C:\\Program Files\\Mozilla Firefox\\firefox.exe" "-marionette" "-foreground" "-no-remote" "-profile" "C:\\Users\\Shashank\\AppData\\Local\\Temp\\rust_mozprofilev9zZrD"
JavaScript error: resource://gre/modules/XULStore.jsm, line 66: Error: Can't find profile directory.
1596543624674	Marionette	INFO	Listening on port 54913
1596543624728	Marionette	WARN	TLS certificate errors will be ignored for this session
1596543627755	Marionette	INFO	Stopped listening on port 54913
JavaScript error: resource://gre/modules/UrlClassifierListManager.jsm, line 691: TypeError: this.tablesData[table] is undefined
console.error: services.settings: 
  main/messaging-experiments Signature failed  TypeError: NetworkError when attempting to fetch resource.

###!!! [Child][RunMessage] Error: Channel closing: too late to send/recv, messages will be lost


###!!! [Child][MessageChannel::SendAndWait] Error: Channel error: cannot send/recv

1596543635691	mozrunner::runner	INFO	Running command: "C:\\Program Files\\Mozilla Firefox\\firefox.exe" "-marionette" "-foreground" "-no-remote" "-profile" "C:\\Users\\Shashank\\AppData\\Local\\Temp\\rust_mozprofileWNWJRa"
JavaScript error: resource://gre/modules/XULStore.jsm, line 66: Error: Can't find profile directory.
1596543639245	Marionette	INFO	Listening on port 54960
1596543639377	Marionette	WARN	TLS certificate errors will be ignored for this session
1596543647847	Marionette	WARN	TimedPromise timed out after 0 ms: stacktrace:
TimedPromise/<@chrome://marionette/content/sync.js:245:13
TimedPromise@chrome://marionette/content/sync.js:230:10
Sleep@chrome://marionette/content/sync.js:283:10
dispatchPause@chrome://marionette/content/action.js:1482:10
toEvents/<@chrome://marionette/content/action.js:1156:16
action.dispatchTickActions@chrome://marionette/content/action.js:1060:35
action.dispatch/chainEvents<@chrome://marionette/content/action.js:1028:20
action.dispatch@chrome://marionette/content/action.js:1034:5
performActions@chrome://marionette/content/listener.js:853:16
dispatch/</req<@chrome://marionette/content/listener.js:527:14
dispatch/<@chrome://marionette/content/listener.js:520:15
1596543653313	Marionette	INFO	Stopped listening on port 54960

###!!! [Child][RunMessage] Error: Channel closing: too late to send/recv, messages will be lost


###!!! [Child][MessageChannel::SendAndWait] Error: Channel error: cannot send/recv

1596543676373	mozrunner::runner	INFO	Running command: "C:\\Program Files\\Mozilla Firefox\\firefox.exe" "-marionette" "-foreground" "-no-remote" "-profile" "C:\\Users\\Shashank\\AppData\\Local\\Temp\\rust_mozprofilencpdYV"
JavaScript error: resource://gre/modules/XULStore.jsm, line 66: Error: Can't find profile directory.
1596543680146	Marionette	INFO	Listening on port 55026
1596543680565	Marionette	WARN	TLS certificate errors will be ignored for this session
1596543684119	Marionette	INFO	Stopped listening on port 55026
JavaScript error: resource://gre/modules/UrlClassifierListManager.jsm, line 691: TypeError: this.tablesData[table] is undefined

###!!! [Child][RunMessage] Error: Channel closing: too late to send/recv, messages will be lost


###!!! [Child][MessageChannel::SendAndWait] Error: Channel error: cannot send/recv

1596543691203	mozrunner::runner	INFO	Running command: "C:\\Program Files\\Mozilla Firefox\\firefox.exe" "-marionette" "-foreground" "-no-remote" "-profile" "C:\\Users\\Shashank\\AppData\\Local\\Temp\\rust_mozprofileqLnNWZ"
JavaScript error: resource://gre/modules/XULStore.jsm, line 66: Error: Can't find profile directory.
1596543694990	Marionette	INFO	Listening on port 55067
1596543695382	Marionette	WARN	TLS certificate errors will be ignored for this session
1596543703692	Marionette	WARN	TimedPromise timed out after 0 ms: stacktrace:
TimedPromise/<@chrome://marionette/content/sync.js:245:13
TimedPromise@chrome://marionette/content/sync.js:230:10
Sleep@chrome://marionette/content/sync.js:283:10
dispatchPause@chrome://marionette/content/action.js:1482:10
toEvents/<@chrome://marionette/content/action.js:1156:16
action.dispatchTickActions@chrome://marionette/content/action.js:1060:35
action.dispatch/chainEvents<@chrome://marionette/content/action.js:1028:20
action.dispatch@chrome://marionette/content/action.js:1034:5
performActions@chrome://marionette/content/listener.js:853:16
dispatch/</req<@chrome://marionette/content/listener.js:527:14
dispatch/<@chrome://marionette/content/listener.js:520:15
1596543714099	Marionette	INFO	Stopped listening on port 55067

###!!! [Child][RunMessage] Error: Channel closing: too late to send/recv, messages will be lost


###!!! [Child][MessageChannel::SendAndWait] Error: Channel error: cannot send/recv

1596551058367	mozrunner::runner	INFO	Running command: "C:\\Program Files\\Mozilla Firefox\\firefox.exe" "-marionette" "-foreground" "-no-remote" "-profile" "C:\\Users\\Shashank\\AppData\\Local\\Temp\\rust_mozprofile41qqOf"
JavaScript error: resource://gre/modules/XULStore.jsm, line 66: Error: Can't find profile directory.
1596551061866	Marionette	INFO	Listening on port 61879
1596551062049	Marionette	WARN	TLS certificate errors will be ignored for this session
1596551064838	Marionette	INFO	Stopped listening on port 61879
JavaScript error: resource://gre/modules/UrlClassifierListManager.jsm, line 691: TypeError: this.tablesData[table] is undefined

###!!! [Child][RunMessage] Error: Channel closing: too late to send/recv, messages will be lost


###!!! [Child][MessageChannel::SendAndWait] Error: Channel error: cannot send/recv

1596551073161	mozrunner::runner	INFO	Running command: "C:\\Program Files\\Mozilla Firefox\\firefox.exe" "-marionette" "-foreground" "-no-remote" "-profile" "C:\\Users\\Shashank\\AppData\\Local\\Temp\\rust_mozprofilehe23Je"
JavaScript error: resource://gre/modules/XULStore.jsm, line 66: Error: Can't find profile directory.
1596551077922	Marionette	INFO	Listening on port 61928
1596551077940	Marionette	WARN	TLS certificate errors will be ignored for this session
1596551086271	Marionette	WARN	TimedPromise timed out after 0 ms: stacktrace:
TimedPromise/<@chrome://marionette/content/sync.js:245:13
TimedPromise@chrome://marionette/content/sync.js:230:10
Sleep@chrome://marionette/content/sync.js:283:10
dispatchPause@chrome://marionette/content/action.js:1482:10
toEvents/<@chrome://marionette/content/action.js:1156:16
action.dispatchTickActions@chrome://marionette/content/action.js:1060:35
action.dispatch/chainEvents<@chrome://marionette/content/action.js:1028:20
action.dispatch@chrome://marionette/content/action.js:1034:5
performActions@chrome://marionette/content/listener.js:853:16
dispatch/</req<@chrome://marionette/content/listener.js:527:14
dispatch/<@chrome://marionette/content/listener.js:520:15
1596551096829	Marionette	INFO	Stopped listening on port 61928

###!!! [Child][RunMessage] Error: Channel closing: too late to send/recv, messages will be lost


###!!! [Child][MessageChannel::SendAndWait] Error: Channel error: cannot send/recv

1596551302500	mozrunner::runner	INFO	Running command: "C:\\Program Files\\Mozilla Firefox\\firefox.exe" "-marionette" "-foreground" "-no-remote" "-profile" "C:\\Users\\Shashank\\AppData\\Local\\Temp\\rust_mozprofileLQT5Oa"
JavaScript error: resource://gre/modules/XULStore.jsm, line 66: Error: Can't find profile directory.
1596551305548	Marionette	INFO	Listening on port 62080
1596551305659	Marionette	WARN	TLS certificate errors will be ignored for this session
1596551308709	Marionette	INFO	Stopped listening on port 62080
JavaScript error: resource://gre/modules/UrlClassifierListManager.jsm, line 691: TypeError: this.tablesData[table] is undefined

###!!! [Child][RunMessage] Error: Channel closing: too late to send/recv, messages will be lost


###!!! [Child][MessageChannel::SendAndWait] Error: Channel error: cannot send/recv

1596551316264	mozrunner::runner	INFO	Running command: "C:\\Program Files\\Mozilla Firefox\\firefox.exe" "-marionette" "-foreground" "-no-remote" "-profile" "C:\\Users\\Shashank\\AppData\\Local\\Temp\\rust_mozprofileC8A7tr"
JavaScript error: resource://gre/modules/XULStore.jsm, line 66: Error: Can't find profile directory.
1596551319870	Marionette	INFO	Listening on port 62125
1596551319951	Marionette	WARN	TLS certificate errors will be ignored for this session
1596551337942	Marionette	INFO	Stopped listening on port 62125

###!!! [Child][RunMessage] Error: Channel closing: too late to send/recv, messages will be lost


###!!! [Child][MessageChannel::SendAndWait] Error: Channel error: cannot send/recv

1596551496621	mozrunner::runner	INFO	Running command: "C:\\Program Files\\Mozilla Firefox\\firefox.exe" "-marionette" "-foreground" "-no-remote" "-profile" "C:\\Users\\Shashank\\AppData\\Local\\Temp\\rust_mozprofilej639qf"
JavaScript error: resource://gre/modules/XULStore.jsm, line 66: Error: Can't find profile directory.
1596551500177	Marionette	INFO	Listening on port 62273
1596551500276	Marionette	WARN	TLS certificate errors will be ignored for this session
1596551503268	Marionette	INFO	Stopped listening on port 62273
console.error: services.settings: 
  main/cfr Signature failed  TypeError: NetworkError when attempting to fetch resource.

###!!! [Child][MessageChannel] Error: (msgtype=0x5A000D,name=PHttpChannel::Msg_DeletingChannel) Channel closing: too late to send/recv, messages will be lost

JavaScript error: resource://gre/modules/UrlClassifierListManager.jsm, line 691: TypeError: this.tablesData[table] is undefined

###!!! [Child][RunMessage] Error: Channel closing: too late to send/recv, messages will be lost


###!!! [Child][MessageChannel::SendAndWait] Error: Channel error: cannot send/recv

1596551511450	mozrunner::runner	INFO	Running command: "C:\\Program Files\\Mozilla Firefox\\firefox.exe" "-marionette" "-foreground" "-no-remote" "-profile" "C:\\Users\\Shashank\\AppData\\Local\\Temp\\rust_mozprofiletAmvh5"
JavaScript error: resource://gre/modules/XULStore.jsm, line 66: Error: Can't find profile directory.
1596551516322	Marionette	INFO	Listening on port 62322
1596551516754	Marionette	WARN	TLS certificate errors will be ignored for this session
1596551525249	Marionette	INFO	Stopped listening on port 62322

###!!! [Child][RunMessage] Error: Channel closing: too late to send/recv, messages will be lost


###!!! [Child][MessageChannel::SendAndWait] Error: Channel error: cannot send/recv

1596919586293	mozrunner::runner	INFO	Running command: "C:\\Program Files\\Mozilla Firefox\\firefox.exe" "-marionette" "-foreground" "-no-remote" "-profile" "C:\\Users\\Shashank\\AppData\\Local\\Temp\\rust_mozprofileT2ape2"
JavaScript error: resource://gre/modules/XULStore.jsm, line 66: Error: Can't find profile directory.
1596919603338	Marionette	INFO	Listening on port 52838
1596919603600	Marionette	WARN	TLS certificate errors will be ignored for this session
1596919607617	Marionette	INFO	Stopped listening on port 52838
[Parent 9648, Gecko_IOThread] WARNING: file /builds/worker/checkouts/gecko/ipc/chromium/src/base/process_util_win.cc, line 166

###!!! [Child][RunMessage] Error: Channel closing: too late to send/recv, messages will be lost


###!!! [Child][MessageChannel::SendAndWait] Error: Channel error: cannot send/recv

1596919616206	mozrunner::runner	INFO	Running command: "C:\\Program Files\\Mozilla Firefox\\firefox.exe" "-marionette" "-foreground" "-no-remote" "-profile" "C:\\Users\\Shashank\\AppData\\Local\\Temp\\rust_mozprofilepyihv6"
JavaScript error: resource://gre/modules/XULStore.jsm, line 66: Error: Can't find profile directory.
1596919619759	Marionette	INFO	Listening on port 52890
1596919621033	Marionette	WARN	TLS certificate errors will be ignored for this session
1596919628540	Marionette	INFO	Stopped listening on port 52890

###!!! [Child][RunMessage] Error: Channel closing: too late to send/recv, messages will be lost


###!!! [Child][MessageChannel::SendAndWait] Error: Channel error: cannot send/recv

1597436808652	mozrunner::runner	INFO	Running command: "C:\\Program Files\\Mozilla Firefox\\firefox.exe" "-marionette" "-foreground" "-no-remote" "-profile" "C:\\Users\\Shashank\\AppData\\Local\\Temp\\rust_mozprofilekTRnJy"
JavaScript error: resource://gre/modules/XULStore.jsm, line 66: Error: Can't find profile directory.
1597436825893	Marionette	INFO	Listening on port 50218
1597436826292	Marionette	WARN	TLS certificate errors will be ignored for this session
1597436831892	Marionette	INFO	Stopped listening on port 50218

###!!! [Child][RunMessage] Error: Channel closing: too late to send/recv, messages will be lost


###!!! [Child][MessageChannel::SendAndWait] Error: Channel error: cannot send/recv

1597437238824	mozrunner::runner	INFO	Running command: "C:\\Program Files\\Mozilla Firefox\\firefox.exe" "-marionette" "-foreground" "-no-remote" "-profile" "C:\\Users\\Shashank\\AppData\\Local\\Temp\\rust_mozprofileooqmTa"
JavaScript error: resource://gre/modules/XULStore.jsm, line 66: Error: Can't find profile directory.
1597437243036	Marionette	INFO	Listening on port 50284
1597437243110	Marionette	WARN	TLS certificate errors will be ignored for this session
1597437246344	Marionette	INFO	Stopped listening on port 50284
JavaScript error: resource://gre/modules/UrlClassifierListManager.jsm, line 691: TypeError: this.tablesData[table] is undefined

###!!! [Child][RunMessage] Error: Channel closing: too late to send/recv, messages will be lost


###!!! [Child][MessageChannel::SendAndWait] Error: Channel error: cannot send/recv

1597437533602	mozrunner::runner	INFO	Running command: "C:\\Program Files\\Mozilla Firefox\\firefox.exe" "-marionette" "-foreground" "-no-remote" "-profile" "C:\\Users\\Shashank\\AppData\\Local\\Temp\\rust_mozprofilercndyP"
JavaScript error: resource://gre/modules/XULStore.jsm, line 66: Error: Can't find profile directory.
1597437537418	Marionette	INFO	Listening on port 50391
1597437537773	Marionette	WARN	TLS certificate errors will be ignored for this session
1597437544710	Marionette	INFO	Stopped listening on port 50391

###!!! [Child][RunMessage] Error: Channel closing: too late to send/recv, messages will be lost


###!!! [Child][MessageChannel::SendAndWait] Error: Channel error: cannot send/recv

1597438060422	mozrunner::runner	INFO	Running command: "C:\\Program Files\\Mozilla Firefox\\firefox.exe" "-marionette" "-foreground" "-no-remote" "-profile" "C:\\Users\\Shashank\\AppData\\Local\\Temp\\rust_mozprofileyRLJPc"
1597438209614	mozrunner::runner	INFO	Running command: "C:\\Program Files\\Mozilla Firefox\\firefox.exe" "-marionette" "-foreground" "-no-remote" "-profile" "C:\\Users\\Shashank\\AppData\\Local\\Temp\\rust_mozprofileD1uTkX"
JavaScript error: resource://gre/modules/XULStore.jsm, line 66: Error: Can't find profile directory.
console.error: SearchCache: "_readCacheFile: Error reading cache file:" (new Error("", "(unknown module)"))
1597438213299	Marionette	INFO	Listening on port 50622
1597438213772	Marionette	WARN	TLS certificate errors will be ignored for this session
1597438221206	Marionette	INFO	Stopped listening on port 50622

###!!! [Child][RunMessage] Error: Channel closing: too late to send/recv, messages will be lost


###!!! [Child][MessageChannel::SendAndWait] Error: Channel error: cannot send/recv

1597438277316	mozrunner::runner	INFO	Running command: "C:\\Program Files\\Mozilla Firefox\\firefox.exe" "-marionette" "-foreground" "-no-remote" "-profile" "C:\\Users\\Shashank\\AppData\\Local\\Temp\\rust_mozprofileWPAIQ0"
JavaScript error: resource://gre/modules/XULStore.jsm, line 66: Error: Can't find profile directory.
console.error: SearchCache: "_readCacheFile: Error reading cache file:" (new Error("", "(unknown module)"))
1597438280513	Marionette	INFO	Listening on port 50681
1597438280983	Marionette	WARN	TLS certificate errors will be ignored for this session
1597438289012	Marionette	INFO	Stopped listening on port 50681

###!!! [Child][RunMessage] Error: Channel closing: too late to send/recv, messages will be lost


###!!! [Child][MessageChannel::SendAndWait] Error: Channel error: cannot send/recv

1597438468531	mozrunner::runner	INFO	Running command: "C:\\Program Files\\Mozilla Firefox\\firefox.exe" "-marionette" "-foreground" "-no-remote" "-profile" "C:\\Users\\Shashank\\AppData\\Local\\Temp\\rust_mozprofilejhI7EG"
JavaScript error: resource://gre/modules/XULStore.jsm, line 66: Error: Can't find profile directory.
console.error: SearchCache: "_readCacheFile: Error reading cache file:" (new Error("", "(unknown module)"))
1597438471823	Marionette	INFO	Listening on port 50732
1597438472185	Marionette	WARN	TLS certificate errors will be ignored for this session
1597438479243	Marionette	INFO	Stopped listening on port 50732

###!!! [Child][RunMessage] Error: Channel closing: too late to send/recv, messages will be lost


###!!! [Child][MessageChannel::SendAndWait] Error: Channel error: cannot send/recv

1597575519720	mozrunner::runner	INFO	Running command: "C:\\Program Files\\Mozilla Firefox\\firefox.exe" "-marionette" "-foreground" "-no-remote" "-profile" "C:\\Users\\Shashank\\AppData\\Local\\Temp\\rust_mozprofile7P4oHf"
JavaScript error: resource://gre/modules/XULStore.jsm, line 66: Error: Can't find profile directory.
console.error: SearchCache: "_readCacheFile: Error reading cache file:" (new Error("", "(unknown module)"))
1597575529558	Marionette	INFO	Listening on port 63357
1597575529782	Marionette	WARN	TLS certificate errors will be ignored for this session
1597575545687	Marionette	INFO	Stopped listening on port 63357

###!!! [Child][RunMessage] Error: Channel closing: too late to send/recv, messages will be lost


###!!! [Child][MessageChannel::SendAndWait] Error: Channel error: cannot send/recv

1600021771428	mozrunner::runner	INFO	Running command: "C:\\Program Files\\Mozilla Firefox\\firefox.exe" "-marionette" "-foreground" "-no-remote" "-profile" "C:\\Users\\Shashank\\AppData\\Local\\Temp\\rust_mozprofileuAlIaq"
JavaScript error: resource://gre/modules/XULStore.jsm, line 66: Error: Can't find profile directory.
console.error: SearchCache: "_readCacheFile: Error reading cache file:" (new Error("", "(unknown module)"))
[Parent 14032, Gecko_IOThread] WARNING: file /builds/worker/checkouts/gecko/ipc/chromium/src/base/process_util_win.cc, line 166
1600021788514	Marionette	INFO	Listening on port 50882
1600021789006	Marionette	WARN	TLS certificate errors will be ignored for this session
1600021805523	Marionette	INFO	Stopped listening on port 50882
[Parent 14032, Gecko_IOThread] WARNING: file /builds/worker/checkouts/gecko/ipc/chromium/src/base/process_util_win.cc, line 166

###!!! [Child][MessageChannel::SendAndWait] Error: Channel error: cannot send/recv

1600021814280	mozrunner::runner	INFO	Running command: "C:\\Program Files\\Mozilla Firefox\\firefox.exe" "-marionette" "-foreground" "-no-remote" "-profile" "C:\\Users\\Shashank\\AppData\\Local\\Temp\\rust_mozprofileNr8SUS"
JavaScript error: resource://gre/modules/XULStore.jsm, line 66: Error: Can't find profile directory.
console.error: SearchCache: "_readCacheFile: Error reading cache file:" (new Error("", "(unknown module)"))
1600021818017	Marionette	INFO	Listening on port 50947
1600021818457	Marionette	WARN	TLS certificate errors will be ignored for this session
1600021820041	Marionette	INFO	Stopped listening on port 50947
JavaScript error: resource://activity-stream/lib/ActivityStreamPrefs.jsm, line 27: NS_ERROR_ILLEGAL_VALUE: Component returned failure code: 0x80070057 (NS_ERROR_ILLEGAL_VALUE) [nsIPrefBranch.removeObserver]
console.error: SearchEngineSelector: (new AbortError("IndexedDB: main/search-config list() IndexedDB:  execute() A request was aborted, for example through a call to IDBTransaction.abort.", "resource://services-settings/IDBHelpers.jsm", 24))
console.error: SearchEngineSelector: "Received empty search configuration!"
console.error: SearchService: "_init: failure initializing search:" (void 0)
JavaScript error: resource://gre/modules/AsyncShutdown.jsm, line 554: uncaught exception: 2147500037
JavaScript error: resource://gre/modules/AsyncShutdown.jsm, line 554: uncaught exception: 2147500037
JavaScript error: resource://gre/modules/SearchService.jsm, line 474: NS_ERROR_FAILURE: SearchService previously failed to initialize
JavaScript error: resource://gre/modules/AsyncShutdown.jsm, line 554: uncaught exception: 2147500037
JavaScript error: resource://gre/modules/AsyncShutdown.jsm, line 554: uncaught exception: 2147500037
JavaScript error: resource://gre/modules/AsyncShutdown.jsm, line 554: uncaught exception: 2147500037
JavaScript error: resource://gre/modules/AsyncShutdown.jsm, line 554: uncaught exception: 2147500037
JavaScript error: resource://gre/modules/AsyncShutdown.jsm, line 554: uncaught exception: 2147500037
[Parent 8, Gecko_IOThread] WARNING: file /builds/worker/checkouts/gecko/ipc/chromium/src/base/process_util_win.cc, line 166

###!!! [Child][RunMessage] Error: Channel closing: too late to send/recv, messages will be lost


###!!! [Child][MessageChannel::SendAndWait] Error: Channel error: cannot send/recv

